#
# There is insufficient memory for the Java Runtime Environment to continue.
# Native memory allocation (mmap) failed to map 65011712 bytes for Failed to commit area from 0x00000000c2200000 to 0x00000000c6000000 of length 65011712.
# Possible reasons:
#   The system is out of physical RAM or swap space
#   The process is running with CompressedOops enabled, and the Java Heap may be blocking the growth of the native heap
# Possible solutions:
#   Reduce memory load on the system
#   Increase physical memory or swap space
#   Check if swap backing store is full
#   Decrease Java heap size (-Xmx/-Xms)
#   Decrease number of Java threads
#   Decrease Java thread stack sizes (-Xss)
#   Set larger code cache with -XX:ReservedCodeCacheSize=
#   JVM is running with Unscaled Compressed Oops mode in which the Java heap is
#     placed in the first 4GB address space. The Java Heap base address is the
#     maximum limit for the native heap growth. Please use -XX:HeapBaseMinAddress
#     to set the Java Heap base and to place the Java Heap above 4GB virtual address.
# This output file may be truncated or incomplete.
#
#  Out of Memory Error (./open/src/hotspot/os/windows/os_windows.cpp:3315), pid=8880, tid=9900
#
# JRE version:  (14.0.2+12) (build )
# Java VM: OpenJDK 64-Bit Server VM (14.0.2+12-46, mixed mode, sharing, tiered, compressed oops, g1 gc, windows-amd64)
# No core dump will be written. Minidumps are not enabled by default on client versions of Windows
#

---------------  S U M M A R Y ------------

Command Line: -Dfile.encoding=Cp1252 -XX:+ShowCodeDetailsInExceptionMessages view.Principal

Host: Intel(R) Core(TM) i5 CPU         650  @ 3.20GHz, 4 cores, 3G,  Windows 10 , 64 bit Build 17763 (10.0.17763.475)
Time: Sat Feb 27 21:23:19 2021 Hora oficial do Brasil elapsed time: 0 seconds (0d 0h 0m 0s)

---------------  T H R E A D  ---------------

Current thread (0x000002282042a800):  JavaThread "Unknown thread" [_thread_in_vm, id=9900, stack(0x0000003f42800000,0x0000003f42900000)]

Stack: [0x0000003f42800000,0x0000003f42900000]
Native frames: (J=compiled Java code, j=interpreted, Vv=VM code, C=native code)
V  [jvm.dll+0x5f8a9a]
V  [jvm.dll+0x74247a]
V  [jvm.dll+0x743c2f]
V  [jvm.dll+0x744273]
V  [jvm.dll+0x20d288]
V  [jvm.dll+0x5f5dea]
V  [jvm.dll+0x5eac45]
V  [jvm.dll+0x2c7e9c]
V  [jvm.dll+0x2c7cd2]
V  [jvm.dll+0x2cdbbc]
V  [jvm.dll+0x313fe8]
V  [jvm.dll+0x313710]
V  [jvm.dll+0x2a092a]
V  [jvm.dll+0x2a1a79]
V  [jvm.dll+0x71fd48]
V  [jvm.dll+0x321c14]
V  [jvm.dll+0x70112c]
V  [jvm.dll+0x392def]
V  [jvm.dll+0x394e61]
C  [jli.dll+0x524b]
C  [ucrtbase.dll+0x2268a]
C  [KERNEL32.DLL+0x17974]
C  [ntdll.dll+0x5a2d1]


---------------  P R O C E S S  ---------------

Threads class SMR info:
_java_thread_list=0x00007ffdb50c3038, length=0, elements={
}

Java Threads: ( => current thread )

Other Threads:
  0x000002282045a800 GCTaskThread "GC Thread#0" [stack: 0x0000003f42900000,0x0000003f42a00000] [id=6568]
  0x0000022820463800 ConcurrentGCThread "G1 Main Marker" [stack: 0x0000003f42a00000,0x0000003f42b00000] [id=3644]
  0x0000022820469000 ConcurrentGCThread "G1 Conc#0" [stack: 0x0000003f42b00000,0x0000003f42c00000] [id=4008]

[error occurred during error reporting (printing all threads), id 0xc0000005, EXCEPTION_ACCESS_VIOLATION (0xc0000005) at pc=0x00007ffdb48f1257]

VM state:not at safepoint (not fully initialized)

VM Mutex/Monitor currently owned by a thread:  ([mutex/lock_event])
[0x00000228204263f0] Heap_lock - owner thread: 0x000002282042a800

Heap address: 0x00000000c2200000, size: 990 MB, Compressed Oops mode: 32-bit
Narrow klass base: 0x0000000000000000, Narrow klass shift: 0

GC Heap History (0 events):
No events

Deoptimization events (0 events):
No events

Classes unloaded (0 events):
No events

Classes redefined (0 events):
No events

Internal exceptions (0 events):
No events

Events (2 events):
Event: 0.014 Loaded shared library C:\Users\Matheus\.p2\pool\plugins\org.eclipse.justj.openjdk.hotspot.jre.full.win32.x86_64_14.0.2.v20200815-0932\jre\bin\java.dll
Event: 0.015 Loaded shared library C:\Users\Matheus\.p2\pool\plugins\org.eclipse.justj.openjdk.hotspot.jre.full.win32.x86_64_14.0.2.v20200815-0932\jre\bin\zip.dll


Dynamic libraries:
0x00007ff7d7910000 - 0x00007ff7d791d000 	C:\Users\Matheus\.p2\pool\plugins\org.eclipse.justj.openjdk.hotspot.jre.full.win32.x86_64_14.0.2.v20200815-0932\jre\bin\javaw.exe
0x00007ffde9910000 - 0x00007ffde9afc000 	C:\WINDOWS\SYSTEM32\ntdll.dll
0x00007ffde7aa0000 - 0x00007ffde7b53000 	C:\WINDOWS\System32\KERNEL32.DLL
0x00007ffde5ab0000 - 0x00007ffde5d44000 	C:\WINDOWS\System32\KERNELBASE.dll
0x00007ffde64a0000 - 0x00007ffde659a000 	C:\WINDOWS\System32\ucrtbase.dll
0x00007ffde1cf0000 - 0x00007ffde1d08000 	C:\Users\Matheus\.p2\pool\plugins\org.eclipse.justj.openjdk.hotspot.jre.full.win32.x86_64_14.0.2.v20200815-0932\jre\bin\jli.dll
0x00007ffde7290000 - 0x00007ffde7427000 	C:\WINDOWS\System32\USER32.dll
0x00007ffde6780000 - 0x00007ffde67a0000 	C:\WINDOWS\System32\win32u.dll
0x00007ffde7a10000 - 0x00007ffde7a39000 	C:\WINDOWS\System32\GDI32.dll
0x00007ffde67a0000 - 0x00007ffde693c000 	C:\WINDOWS\System32\gdi32full.dll
0x00007ffde69a0000 - 0x00007ffde6a40000 	C:\WINDOWS\System32\msvcp_win.dll
0x00007ffde1d10000 - 0x00007ffde1d25000 	C:\Users\Matheus\.p2\pool\plugins\org.eclipse.justj.openjdk.hotspot.jre.full.win32.x86_64_14.0.2.v20200815-0932\jre\bin\VCRUNTIME140.dll
0x00007ffdd5e30000 - 0x00007ffdd60a9000 	C:\WINDOWS\WinSxS\amd64_microsoft.windows.common-controls_6595b64144ccf1df_6.0.17763.1757_none_de724378534a71c4\COMCTL32.dll
0x00007ffde9690000 - 0x00007ffde972e000 	C:\WINDOWS\System32\msvcrt.dll
0x00007ffde6c70000 - 0x00007ffde6f9e000 	C:\WINDOWS\System32\combase.dll
0x00007ffde78f0000 - 0x00007ffde7a10000 	C:\WINDOWS\System32\RPCRT4.dll
0x00007ffde59e0000 - 0x00007ffde5a5f000 	C:\WINDOWS\System32\bcryptPrimitives.dll
0x00007ffde9730000 - 0x00007ffde975e000 	C:\WINDOWS\System32\IMM32.DLL
0x00007ffddee90000 - 0x00007ffddef2b000 	C:\Users\Matheus\.p2\pool\plugins\org.eclipse.justj.openjdk.hotspot.jre.full.win32.x86_64_14.0.2.v20200815-0932\jre\bin\msvcp140.dll
0x00007ffdb4640000 - 0x00007ffdb515e000 	C:\Users\Matheus\.p2\pool\plugins\org.eclipse.justj.openjdk.hotspot.jre.full.win32.x86_64_14.0.2.v20200815-0932\jre\bin\server\jvm.dll
0x00007ffde7150000 - 0x00007ffde71f3000 	C:\WINDOWS\System32\ADVAPI32.dll
0x00007ffde75b0000 - 0x00007ffde764f000 	C:\WINDOWS\System32\sechost.dll
0x00007ffde7650000 - 0x00007ffde7658000 	C:\WINDOWS\System32\PSAPI.DLL
0x00007ffddf100000 - 0x00007ffddf109000 	C:\WINDOWS\SYSTEM32\WSOCK32.dll
0x00007ffde9760000 - 0x00007ffde97cd000 	C:\WINDOWS\System32\WS2_32.dll
0x00007ffde36b0000 - 0x00007ffde36d4000 	C:\WINDOWS\SYSTEM32\WINMM.dll
0x00007ffddf170000 - 0x00007ffddf17a000 	C:\WINDOWS\SYSTEM32\VERSION.dll
0x00007ffde3680000 - 0x00007ffde36ad000 	C:\WINDOWS\SYSTEM32\WINMMBASE.dll
0x00007ffde5a60000 - 0x00007ffde5aaa000 	C:\WINDOWS\System32\cfgmgr32.dll
0x00007ffde58e0000 - 0x00007ffde58f1000 	C:\WINDOWS\System32\kernel.appcore.dll
0x00007ffddf0d0000 - 0x00007ffddf0da000 	C:\Users\Matheus\.p2\pool\plugins\org.eclipse.justj.openjdk.hotspot.jre.full.win32.x86_64_14.0.2.v20200815-0932\jre\bin\jimage.dll
0x00007ffdd7830000 - 0x00007ffdd7a1d000 	C:\WINDOWS\SYSTEM32\DBGHELP.DLL
0x00007ffdd77e0000 - 0x00007ffdd780a000 	C:\WINDOWS\SYSTEM32\dbgcore.DLL
0x00007ffddee10000 - 0x00007ffddee35000 	C:\Users\Matheus\.p2\pool\plugins\org.eclipse.justj.openjdk.hotspot.jre.full.win32.x86_64_14.0.2.v20200815-0932\jre\bin\java.dll
0x00007ffddc2b0000 - 0x00007ffddc2c6000 	C:\Users\Matheus\.p2\pool\plugins\org.eclipse.justj.openjdk.hotspot.jre.full.win32.x86_64_14.0.2.v20200815-0932\jre\bin\zip.dll

dbghelp: loaded successfully - version: 4.0.5 - missing functions: none
symbol engine: initialized successfully - sym options: 0x614 - pdb path: .;C:\Users\Matheus\.p2\pool\plugins\org.eclipse.justj.openjdk.hotspot.jre.full.win32.x86_64_14.0.2.v20200815-0932\jre\bin;C:\WINDOWS\SYSTEM32;C:\WINDOWS\WinSxS\amd64_microsoft.windows.common-controls_6595b64144ccf1df_6.0.17763.1757_none_de724378534a71c4;C:\Users\Matheus\.p2\pool\plugins\org.eclipse.justj.openjdk.hotspot.jre.full.win32.x86_64_14.0.2.v20200815-0932\jre\bin\server

VM Arguments:
jvm_args: -Dfile.encoding=Cp1252 -XX:+ShowCodeDetailsInExceptionMessages 
java_command: view.Principal
java_class_path (initial): C:\Users\Matheus\Documents\Studyspace\FATEC\SO1\NetworkManager\bin
Launcher Type: SUN_STANDARD

[Global flags]
     intx CICompilerCount                          = 3                                         {product} {ergonomic}
     uint ConcGCThreads                            = 1                                         {product} {ergonomic}
     uint G1ConcRefinementThreads                  = 4                                         {product} {ergonomic}
   size_t G1HeapRegionSize                         = 1048576                                   {product} {ergonomic}
    uintx GCDrainStackTargetSize                   = 64                                        {product} {ergonomic}
   size_t InitialHeapSize                          = 65011712                                  {product} {ergonomic}
   size_t MarkStackSize                            = 4194304                                   {product} {ergonomic}
   size_t MaxHeapSize                              = 1038090240                                {product} {ergonomic}
   size_t MinHeapDeltaBytes                        = 1048576                                   {product} {ergonomic}
   size_t MinHeapSize                              = 8388608                                   {product} {ergonomic}
    uintx NonNMethodCodeHeapSize                   = 5832780                                {pd product} {ergonomic}
    uintx NonProfiledCodeHeapSize                  = 122912730                              {pd product} {ergonomic}
    uintx ProfiledCodeHeapSize                     = 122912730                              {pd product} {ergonomic}
    uintx ReservedCodeCacheSize                    = 251658240                              {pd product} {ergonomic}
     bool SegmentedCodeCache                       = true                                      {product} {ergonomic}
     bool ShowCodeDetailsInExceptionMessages       = true                                   {manageable} {command line}
   size_t SoftMaxHeapSize                          = 1038090240                             {manageable} {ergonomic}
     bool UseCompressedClassPointers               = true                                 {lp64_product} {ergonomic}
     bool UseCompressedOops                        = true                                 {lp64_product} {ergonomic}
     bool UseG1GC                                  = true                                      {product} {ergonomic}
     bool UseLargePagesIndividualAllocation        = false                                  {pd product} {ergonomic}

Logging:
Log output configuration:
 #0: stdout all=warning uptime,level,tags
 #1: stderr all=off uptime,level,tags

Environment Variables:
PATH=C:/Users/Matheus/.p2/pool/plugins/org.eclipse.justj.openjdk.hotspot.jre.full.win32.x86_64_14.0.2.v20200815-0932/jre/bin/server;C:/Users/Matheus/.p2/pool/plugins/org.eclipse.justj.openjdk.hotspot.jre.full.win32.x86_64_14.0.2.v20200815-0932/jre/bin;C:\Program Files (x86)\Common Files\Oracle\Java\javapath;C:\WINDOWS\system32;C:\WINDOWS;C:\WINDOWS\System32\Wbem;C:\WINDOWS\System32\WindowsPowerShell\v1.0\;C:\WINDOWS\System32\OpenSSH\;C:\Program Files\Git\cmd;C:\Users\Matheus\AppData\Local\Microsoft\WindowsApps;;C:\Users\Matheus\AppData\Local\Programs\Microsoft VS Code\bin;C:\Program Files\Docker Toolbox;C:\Users\Matheus\Desktop;
USERNAME=Matheus
OS=Windows_NT
PROCESSOR_IDENTIFIER=Intel64 Family 6 Model 37 Stepping 2, GenuineIntel



---------------  S Y S T E M  ---------------

OS: Windows 10 , 64 bit Build 17763 (10.0.17763.475)
OS uptime: 1 days 4:10 hours

CPU:total 4 (initial active 4) (2 cores per cpu, 2 threads per core) family 6 model 37 stepping 2, cmov, cx8, fxsr, mmx, sse, sse2, sse3, ssse3, sse4.1, sse4.2, popcnt, aes, clmul, ht, tsc, tscinvbit

Memory: 4k page, system-wide physical 3959M (1138M free)
TotalPageFile size 4459M (AvailPageFile size 62M)
current process WorkingSet (physical memory assigned to process): 10M, peak: 10M
current process commit charge ("private bytes"): 51M, peak: 113M

vm_info: OpenJDK 64-Bit Server VM (14.0.2+12-46) for windows-amd64 JRE (14.0.2+12-46), built on Jul  9 2020 00:31:16 by "mach5one" with MS VC++ 15.9 (VS2017)

END.
